{
"/Users/alexpikalov/ui-projects/gh-cli/app/avatar-component/avatar.component.js":{"path":"/Users/alexpikalov/ui-projects/gh-cli/app/avatar-component/avatar.component.js","s":{"1":1,"2":1,"3":1,"4":2,"5":2,"6":2,"7":0,"8":0,"9":0,"10":2,"11":1,"12":3,"13":3,"14":1,"15":1,"16":1,"17":1,"18":1,"19":1,"20":1,"21":5,"22":1,"23":1,"24":1,"25":1,"26":1,"27":1,"28":1,"29":1,"30":1,"31":1,"32":2,"33":1,"34":2,"35":2,"36":1,"37":1,"38":1,"39":1,"40":1,"41":1,"42":1,"43":1,"44":1,"45":1,"46":1,"47":1,"48":1},"b":{"1":[1,0],"2":[1,1,1],"3":[1,1],"4":[1,0],"5":[2,0],"6":[2,2],"7":[0,0],"8":[0,0],"9":[0,0],"10":[0,0],"11":[2,1,1],"12":[1,1,1],"13":[3,0],"14":[3,3]},"f":{"1":1,"2":2,"3":3,"4":1,"5":1,"6":1,"7":5,"8":1,"9":1,"10":2,"11":2,"12":1},"fnMap":{"1":{"name":"(anonymous_1)","line":1,"loc":{"start":{"line":1,"column":35},"end":{"line":1,"column":66}}},"2":{"name":"(anonymous_2)","line":4,"loc":{"start":{"line":4,"column":50},"end":{"line":4,"column":91}}},"3":{"name":"(anonymous_3)","line":10,"loc":{"start":{"line":10,"column":50},"end":{"line":10,"column":66}}},"4":{"name":"(anonymous_4)","line":17,"loc":{"start":{"line":17,"column":12},"end":{"line":17,"column":32}}},"5":{"name":"(anonymous_5)","line":20,"loc":{"start":{"line":20,"column":17},"end":{"line":20,"column":28}}},"6":{"name":"(anonymous_6)","line":22,"loc":{"start":{"line":22,"column":31},"end":{"line":22,"column":43}}},"7":{"name":"AvatarComponent","line":23,"loc":{"start":{"line":23,"column":16},"end":{"line":23,"column":46}}},"8":{"name":"(anonymous_8)","line":27,"loc":{"start":{"line":27,"column":25},"end":{"line":27,"column":40}}},"9":{"name":"(anonymous_9)","line":31,"loc":{"start":{"line":31,"column":42},"end":{"line":31,"column":54}}},"10":{"name":"(anonymous_10)","line":41,"loc":{"start":{"line":41,"column":59},"end":{"line":41,"column":75}}},"11":{"name":"(anonymous_11)","line":44,"loc":{"start":{"line":44,"column":53},"end":{"line":44,"column":65}}},"12":{"name":"(anonymous_12)","line":48,"loc":{"start":{"line":48,"column":58},"end":{"line":48,"column":73}}}},"statementMap":{"1":{"start":{"line":1,"column":0},"end":{"line":75,"column":3}},"2":{"start":{"line":3,"column":4},"end":{"line":3,"column":49}},"3":{"start":{"line":4,"column":4},"end":{"line":9,"column":6}},"4":{"start":{"line":5,"column":8},"end":{"line":5,"column":133}},"5":{"start":{"line":6,"column":8},"end":{"line":7,"column":154}},"6":{"start":{"line":6,"column":83},"end":{"line":6,"column":135}},"7":{"start":{"line":7,"column":13},"end":{"line":7,"column":154}},"8":{"start":{"line":7,"column":62},"end":{"line":7,"column":154}},"9":{"start":{"line":7,"column":85},"end":{"line":7,"column":154}},"10":{"start":{"line":8,"column":8},"end":{"line":8,"column":70}},"11":{"start":{"line":10,"column":4},"end":{"line":12,"column":6}},"12":{"start":{"line":11,"column":8},"end":{"line":11,"column":113}},"13":{"start":{"line":11,"column":83},"end":{"line":11,"column":113}},"14":{"start":{"line":13,"column":4},"end":{"line":13,"column":15}},"15":{"start":{"line":14,"column":4},"end":{"line":14,"column":33}},"16":{"start":{"line":15,"column":4},"end":{"line":74,"column":5}},"17":{"start":{"line":18,"column":16},"end":{"line":18,"column":34}},"18":{"start":{"line":21,"column":12},"end":{"line":21,"column":6685}},"19":{"start":{"line":22,"column":12},"end":{"line":71,"column":17}},"20":{"start":{"line":23,"column":16},"end":{"line":25,"column":17}},"21":{"start":{"line":24,"column":20},"end":{"line":24,"column":35}},"22":{"start":{"line":26,"column":16},"end":{"line":40,"column":19}},"23":{"start":{"line":28,"column":24},"end":{"line":28,"column":41}},"24":{"start":{"line":29,"column":24},"end":{"line":29,"column":47}},"25":{"start":{"line":30,"column":24},"end":{"line":30,"column":59}},"26":{"start":{"line":31,"column":24},"end":{"line":35,"column":26}},"27":{"start":{"line":32,"column":28},"end":{"line":32,"column":70}},"28":{"start":{"line":33,"column":28},"end":{"line":33,"column":55}},"29":{"start":{"line":34,"column":28},"end":{"line":34,"column":70}},"30":{"start":{"line":36,"column":24},"end":{"line":36,"column":43}},"31":{"start":{"line":41,"column":16},"end":{"line":43,"column":18}},"32":{"start":{"line":42,"column":20},"end":{"line":42,"column":54}},"33":{"start":{"line":44,"column":16},"end":{"line":47,"column":18}},"34":{"start":{"line":45,"column":20},"end":{"line":45,"column":63}},"35":{"start":{"line":46,"column":20},"end":{"line":46,"column":49}},"36":{"start":{"line":48,"column":16},"end":{"line":57,"column":18}},"37":{"start":{"line":49,"column":20},"end":{"line":49,"column":47}},"38":{"start":{"line":50,"column":20},"end":{"line":50,"column":49}},"39":{"start":{"line":51,"column":20},"end":{"line":51,"column":66}},"40":{"start":{"line":52,"column":20},"end":{"line":52,"column":41}},"41":{"start":{"line":53,"column":20},"end":{"line":53,"column":43}},"42":{"start":{"line":54,"column":20},"end":{"line":54,"column":54}},"43":{"start":{"line":55,"column":20},"end":{"line":55,"column":60}},"44":{"start":{"line":56,"column":20},"end":{"line":56,"column":57}},"45":{"start":{"line":58,"column":16},"end":{"line":62,"column":59}},"46":{"start":{"line":63,"column":16},"end":{"line":69,"column":36}},"47":{"start":{"line":70,"column":16},"end":{"line":70,"column":39}},"48":{"start":{"line":72,"column":12},"end":{"line":72,"column":58}}},"branchMap":{"1":{"line":3,"type":"binary-expr","locations":[{"start":{"line":3,"column":23},"end":{"line":3,"column":32}},{"start":{"line":3,"column":36},"end":{"line":3,"column":48}}]},"2":{"line":4,"type":"binary-expr","locations":[{"start":{"line":4,"column":22},"end":{"line":4,"column":26}},{"start":{"line":4,"column":30},"end":{"line":4,"column":45}},{"start":{"line":4,"column":50},"end":{"line":9,"column":5}}]},"3":{"line":5,"type":"cond-expr","locations":[{"start":{"line":5,"column":46},"end":{"line":5,"column":52}},{"start":{"line":5,"column":55},"end":{"line":5,"column":129}}]},"4":{"line":5,"type":"cond-expr","locations":[{"start":{"line":5,"column":71},"end":{"line":5,"column":122}},{"start":{"line":5,"column":125},"end":{"line":5,"column":129}}]},"5":{"line":6,"type":"if","locations":[{"start":{"line":6,"column":8},"end":{"line":6,"column":8}},{"start":{"line":6,"column":8},"end":{"line":6,"column":8}}]},"6":{"line":6,"type":"binary-expr","locations":[{"start":{"line":6,"column":12},"end":{"line":6,"column":39}},{"start":{"line":6,"column":43},"end":{"line":6,"column":81}}]},"7":{"line":7,"type":"if","locations":[{"start":{"line":7,"column":62},"end":{"line":7,"column":62}},{"start":{"line":7,"column":62},"end":{"line":7,"column":62}}]},"8":{"line":7,"type":"binary-expr","locations":[{"start":{"line":7,"column":90},"end":{"line":7,"column":147}},{"start":{"line":7,"column":152},"end":{"line":7,"column":153}}]},"9":{"line":7,"type":"cond-expr","locations":[{"start":{"line":7,"column":98},"end":{"line":7,"column":102}},{"start":{"line":7,"column":105},"end":{"line":7,"column":147}}]},"10":{"line":7,"type":"cond-expr","locations":[{"start":{"line":7,"column":113},"end":{"line":7,"column":130}},{"start":{"line":7,"column":133},"end":{"line":7,"column":147}}]},"11":{"line":8,"type":"binary-expr","locations":[{"start":{"line":8,"column":15},"end":{"line":8,"column":20}},{"start":{"line":8,"column":24},"end":{"line":8,"column":25}},{"start":{"line":8,"column":29},"end":{"line":8,"column":66}}]},"12":{"line":10,"type":"binary-expr","locations":[{"start":{"line":10,"column":22},"end":{"line":10,"column":26}},{"start":{"line":10,"column":30},"end":{"line":10,"column":45}},{"start":{"line":10,"column":50},"end":{"line":12,"column":5}}]},"13":{"line":11,"type":"if","locations":[{"start":{"line":11,"column":8},"end":{"line":11,"column":8}},{"start":{"line":11,"column":8},"end":{"line":11,"column":8}}]},"14":{"line":11,"type":"binary-expr","locations":[{"start":{"line":11,"column":12},"end":{"line":11,"column":39}},{"start":{"line":11,"column":43},"end":{"line":11,"column":81}}]}},"l":{"1":1,"3":1,"4":1,"5":2,"6":2,"7":0,"8":2,"10":1,"11":3,"13":1,"14":1,"15":1,"18":1,"21":1,"22":1,"23":1,"24":5,"26":1,"28":1,"29":1,"30":1,"31":1,"32":1,"33":1,"34":1,"36":1,"41":1,"42":2,"44":1,"45":2,"46":2,"48":1,"49":1,"50":1,"51":1,"52":1,"53":1,"54":1,"55":1,"56":1,"58":1,"63":1,"70":1,"72":1}},
"/Users/alexpikalov/ui-projects/gh-cli/app/pager/pager.component.js":{"path":"/Users/alexpikalov/ui-projects/gh-cli/app/pager/pager.component.js","s":{"1":1,"2":1,"3":1,"4":5,"5":5,"6":5,"7":0,"8":0,"9":0,"10":5,"11":1,"12":5,"13":5,"14":1,"15":1,"16":1,"17":1,"18":1,"19":1,"20":11,"21":11,"22":11,"23":1,"24":3,"25":3,"26":3,"27":1,"28":3,"29":3,"30":3,"31":1,"32":8,"33":8,"34":8,"35":1,"36":1,"37":1,"38":1,"39":1,"40":1,"41":1,"42":1,"43":1},"b":{"1":[1,0],"2":[1,1,1],"3":[1,4],"4":[0,4],"5":[5,0],"6":[5,5],"7":[0,0],"8":[0,0],"9":[0,0],"10":[0,0],"11":[5,4,0],"12":[1,1,1],"13":[5,0],"14":[5,5]},"f":{"1":1,"2":5,"3":5,"4":1,"5":1,"6":1,"7":11,"8":3,"9":3,"10":8,"11":1},"fnMap":{"1":{"name":"(anonymous_1)","line":1,"loc":{"start":{"line":1,"column":35},"end":{"line":1,"column":66}}},"2":{"name":"(anonymous_2)","line":4,"loc":{"start":{"line":4,"column":50},"end":{"line":4,"column":91}}},"3":{"name":"(anonymous_3)","line":10,"loc":{"start":{"line":10,"column":50},"end":{"line":10,"column":66}}},"4":{"name":"(anonymous_4)","line":17,"loc":{"start":{"line":17,"column":12},"end":{"line":17,"column":32}}},"5":{"name":"(anonymous_5)","line":20,"loc":{"start":{"line":20,"column":17},"end":{"line":20,"column":28}}},"6":{"name":"(anonymous_6)","line":21,"loc":{"start":{"line":21,"column":30},"end":{"line":21,"column":42}}},"7":{"name":"PagerComponent","line":22,"loc":{"start":{"line":22,"column":16},"end":{"line":22,"column":42}}},"8":{"name":"(anonymous_8)","line":27,"loc":{"start":{"line":27,"column":48},"end":{"line":27,"column":60}}},"9":{"name":"(anonymous_9)","line":32,"loc":{"start":{"line":32,"column":48},"end":{"line":32,"column":60}}},"10":{"name":"(anonymous_10)","line":37,"loc":{"start":{"line":37,"column":55},"end":{"line":37,"column":67}}},"11":{"name":"(anonymous_11)","line":42,"loc":{"start":{"line":42,"column":55},"end":{"line":42,"column":67}}}},"statementMap":{"1":{"start":{"line":1,"column":0},"end":{"line":73,"column":3}},"2":{"start":{"line":3,"column":4},"end":{"line":3,"column":49}},"3":{"start":{"line":4,"column":4},"end":{"line":9,"column":6}},"4":{"start":{"line":5,"column":8},"end":{"line":5,"column":133}},"5":{"start":{"line":6,"column":8},"end":{"line":7,"column":154}},"6":{"start":{"line":6,"column":83},"end":{"line":6,"column":135}},"7":{"start":{"line":7,"column":13},"end":{"line":7,"column":154}},"8":{"start":{"line":7,"column":62},"end":{"line":7,"column":154}},"9":{"start":{"line":7,"column":85},"end":{"line":7,"column":154}},"10":{"start":{"line":8,"column":8},"end":{"line":8,"column":70}},"11":{"start":{"line":10,"column":4},"end":{"line":12,"column":6}},"12":{"start":{"line":11,"column":8},"end":{"line":11,"column":113}},"13":{"start":{"line":11,"column":83},"end":{"line":11,"column":113}},"14":{"start":{"line":13,"column":4},"end":{"line":13,"column":15}},"15":{"start":{"line":14,"column":4},"end":{"line":14,"column":23}},"16":{"start":{"line":15,"column":4},"end":{"line":72,"column":5}},"17":{"start":{"line":18,"column":16},"end":{"line":18,"column":34}},"18":{"start":{"line":21,"column":12},"end":{"line":69,"column":17}},"19":{"start":{"line":22,"column":16},"end":{"line":26,"column":17}},"20":{"start":{"line":23,"column":20},"end":{"line":23,"column":63}},"21":{"start":{"line":24,"column":20},"end":{"line":24,"column":45}},"22":{"start":{"line":25,"column":20},"end":{"line":25,"column":45}},"23":{"start":{"line":27,"column":16},"end":{"line":31,"column":18}},"24":{"start":{"line":28,"column":20},"end":{"line":28,"column":38}},"25":{"start":{"line":29,"column":20},"end":{"line":29,"column":54}},"26":{"start":{"line":30,"column":20},"end":{"line":30,"column":39}},"27":{"start":{"line":32,"column":16},"end":{"line":36,"column":18}},"28":{"start":{"line":33,"column":20},"end":{"line":33,"column":38}},"29":{"start":{"line":34,"column":20},"end":{"line":34,"column":54}},"30":{"start":{"line":35,"column":20},"end":{"line":35,"column":39}},"31":{"start":{"line":37,"column":16},"end":{"line":41,"column":18}},"32":{"start":{"line":38,"column":20},"end":{"line":38,"column":59}},"33":{"start":{"line":39,"column":20},"end":{"line":39,"column":84}},"34":{"start":{"line":40,"column":20},"end":{"line":40,"column":68}},"35":{"start":{"line":42,"column":16},"end":{"line":44,"column":18}},"36":{"start":{"line":43,"column":20},"end":{"line":43,"column":39}},"37":{"start":{"line":45,"column":16},"end":{"line":48,"column":67}},"38":{"start":{"line":49,"column":16},"end":{"line":52,"column":69}},"39":{"start":{"line":53,"column":16},"end":{"line":56,"column":64}},"40":{"start":{"line":57,"column":16},"end":{"line":60,"column":66}},"41":{"start":{"line":61,"column":16},"end":{"line":67,"column":35}},"42":{"start":{"line":68,"column":16},"end":{"line":68,"column":38}},"43":{"start":{"line":70,"column":12},"end":{"line":70,"column":56}}},"branchMap":{"1":{"line":3,"type":"binary-expr","locations":[{"start":{"line":3,"column":23},"end":{"line":3,"column":32}},{"start":{"line":3,"column":36},"end":{"line":3,"column":48}}]},"2":{"line":4,"type":"binary-expr","locations":[{"start":{"line":4,"column":22},"end":{"line":4,"column":26}},{"start":{"line":4,"column":30},"end":{"line":4,"column":45}},{"start":{"line":4,"column":50},"end":{"line":9,"column":5}}]},"3":{"line":5,"type":"cond-expr","locations":[{"start":{"line":5,"column":46},"end":{"line":5,"column":52}},{"start":{"line":5,"column":55},"end":{"line":5,"column":129}}]},"4":{"line":5,"type":"cond-expr","locations":[{"start":{"line":5,"column":71},"end":{"line":5,"column":122}},{"start":{"line":5,"column":125},"end":{"line":5,"column":129}}]},"5":{"line":6,"type":"if","locations":[{"start":{"line":6,"column":8},"end":{"line":6,"column":8}},{"start":{"line":6,"column":8},"end":{"line":6,"column":8}}]},"6":{"line":6,"type":"binary-expr","locations":[{"start":{"line":6,"column":12},"end":{"line":6,"column":39}},{"start":{"line":6,"column":43},"end":{"line":6,"column":81}}]},"7":{"line":7,"type":"if","locations":[{"start":{"line":7,"column":62},"end":{"line":7,"column":62}},{"start":{"line":7,"column":62},"end":{"line":7,"column":62}}]},"8":{"line":7,"type":"binary-expr","locations":[{"start":{"line":7,"column":90},"end":{"line":7,"column":147}},{"start":{"line":7,"column":152},"end":{"line":7,"column":153}}]},"9":{"line":7,"type":"cond-expr","locations":[{"start":{"line":7,"column":98},"end":{"line":7,"column":102}},{"start":{"line":7,"column":105},"end":{"line":7,"column":147}}]},"10":{"line":7,"type":"cond-expr","locations":[{"start":{"line":7,"column":113},"end":{"line":7,"column":130}},{"start":{"line":7,"column":133},"end":{"line":7,"column":147}}]},"11":{"line":8,"type":"binary-expr","locations":[{"start":{"line":8,"column":15},"end":{"line":8,"column":20}},{"start":{"line":8,"column":24},"end":{"line":8,"column":25}},{"start":{"line":8,"column":29},"end":{"line":8,"column":66}}]},"12":{"line":10,"type":"binary-expr","locations":[{"start":{"line":10,"column":22},"end":{"line":10,"column":26}},{"start":{"line":10,"column":30},"end":{"line":10,"column":45}},{"start":{"line":10,"column":50},"end":{"line":12,"column":5}}]},"13":{"line":11,"type":"if","locations":[{"start":{"line":11,"column":8},"end":{"line":11,"column":8}},{"start":{"line":11,"column":8},"end":{"line":11,"column":8}}]},"14":{"line":11,"type":"binary-expr","locations":[{"start":{"line":11,"column":12},"end":{"line":11,"column":39}},{"start":{"line":11,"column":43},"end":{"line":11,"column":81}}]}},"l":{"1":1,"3":1,"4":1,"5":5,"6":5,"7":0,"8":5,"10":1,"11":5,"13":1,"14":1,"15":1,"18":1,"21":1,"22":1,"23":11,"24":11,"25":11,"27":1,"28":3,"29":3,"30":3,"32":1,"33":3,"34":3,"35":3,"37":1,"38":8,"39":8,"40":8,"42":1,"43":1,"45":1,"49":1,"53":1,"57":1,"61":1,"68":1,"70":1}},
"/Users/alexpikalov/ui-projects/gh-cli/app/scroll/scroll.service.js":{"path":"/Users/alexpikalov/ui-projects/gh-cli/app/scroll/scroll.service.js","s":{"1":1,"2":1,"3":1,"4":1,"5":1,"6":1,"7":0,"8":0,"9":0,"10":1,"11":1,"12":1,"13":1,"14":1,"15":1,"16":1,"17":1,"18":1,"19":1,"20":1,"21":1,"22":1,"23":1,"24":1},"b":{"1":[1,0],"2":[1,1,1],"3":[1,0],"4":[0,0],"5":[1,0],"6":[1,1],"7":[0,0],"8":[0,0],"9":[0,0],"10":[0,0],"11":[1,0,0],"12":[1,1,1],"13":[1,0],"14":[1,1]},"f":{"1":1,"2":1,"3":1,"4":1,"5":1,"6":1,"7":1,"8":1},"fnMap":{"1":{"name":"(anonymous_1)","line":1,"loc":{"start":{"line":1,"column":35},"end":{"line":1,"column":66}}},"2":{"name":"(anonymous_2)","line":4,"loc":{"start":{"line":4,"column":50},"end":{"line":4,"column":91}}},"3":{"name":"(anonymous_3)","line":10,"loc":{"start":{"line":10,"column":50},"end":{"line":10,"column":66}}},"4":{"name":"(anonymous_4)","line":17,"loc":{"start":{"line":17,"column":12},"end":{"line":17,"column":32}}},"5":{"name":"(anonymous_5)","line":20,"loc":{"start":{"line":20,"column":17},"end":{"line":20,"column":28}}},"6":{"name":"(anonymous_6)","line":21,"loc":{"start":{"line":21,"column":29},"end":{"line":21,"column":41}}},"7":{"name":"ScrollService","line":22,"loc":{"start":{"line":22,"column":16},"end":{"line":22,"column":41}}},"8":{"name":"(anonymous_8)","line":24,"loc":{"start":{"line":24,"column":52},"end":{"line":24,"column":64}}}},"statementMap":{"1":{"start":{"line":1,"column":0},"end":{"line":36,"column":3}},"2":{"start":{"line":3,"column":4},"end":{"line":3,"column":49}},"3":{"start":{"line":4,"column":4},"end":{"line":9,"column":6}},"4":{"start":{"line":5,"column":8},"end":{"line":5,"column":133}},"5":{"start":{"line":6,"column":8},"end":{"line":7,"column":154}},"6":{"start":{"line":6,"column":83},"end":{"line":6,"column":135}},"7":{"start":{"line":7,"column":13},"end":{"line":7,"column":154}},"8":{"start":{"line":7,"column":62},"end":{"line":7,"column":154}},"9":{"start":{"line":7,"column":85},"end":{"line":7,"column":154}},"10":{"start":{"line":8,"column":8},"end":{"line":8,"column":70}},"11":{"start":{"line":10,"column":4},"end":{"line":12,"column":6}},"12":{"start":{"line":11,"column":8},"end":{"line":11,"column":113}},"13":{"start":{"line":11,"column":83},"end":{"line":11,"column":113}},"14":{"start":{"line":13,"column":4},"end":{"line":13,"column":15}},"15":{"start":{"line":14,"column":4},"end":{"line":14,"column":22}},"16":{"start":{"line":15,"column":4},"end":{"line":35,"column":5}},"17":{"start":{"line":18,"column":16},"end":{"line":18,"column":34}},"18":{"start":{"line":21,"column":12},"end":{"line":32,"column":17}},"19":{"start":{"line":22,"column":16},"end":{"line":23,"column":17}},"20":{"start":{"line":24,"column":16},"end":{"line":26,"column":18}},"21":{"start":{"line":25,"column":20},"end":{"line":25,"column":48}},"22":{"start":{"line":27,"column":16},"end":{"line":30,"column":34}},"23":{"start":{"line":31,"column":16},"end":{"line":31,"column":37}},"24":{"start":{"line":33,"column":12},"end":{"line":33,"column":54}}},"branchMap":{"1":{"line":3,"type":"binary-expr","locations":[{"start":{"line":3,"column":23},"end":{"line":3,"column":32}},{"start":{"line":3,"column":36},"end":{"line":3,"column":48}}]},"2":{"line":4,"type":"binary-expr","locations":[{"start":{"line":4,"column":22},"end":{"line":4,"column":26}},{"start":{"line":4,"column":30},"end":{"line":4,"column":45}},{"start":{"line":4,"column":50},"end":{"line":9,"column":5}}]},"3":{"line":5,"type":"cond-expr","locations":[{"start":{"line":5,"column":46},"end":{"line":5,"column":52}},{"start":{"line":5,"column":55},"end":{"line":5,"column":129}}]},"4":{"line":5,"type":"cond-expr","locations":[{"start":{"line":5,"column":71},"end":{"line":5,"column":122}},{"start":{"line":5,"column":125},"end":{"line":5,"column":129}}]},"5":{"line":6,"type":"if","locations":[{"start":{"line":6,"column":8},"end":{"line":6,"column":8}},{"start":{"line":6,"column":8},"end":{"line":6,"column":8}}]},"6":{"line":6,"type":"binary-expr","locations":[{"start":{"line":6,"column":12},"end":{"line":6,"column":39}},{"start":{"line":6,"column":43},"end":{"line":6,"column":81}}]},"7":{"line":7,"type":"if","locations":[{"start":{"line":7,"column":62},"end":{"line":7,"column":62}},{"start":{"line":7,"column":62},"end":{"line":7,"column":62}}]},"8":{"line":7,"type":"binary-expr","locations":[{"start":{"line":7,"column":90},"end":{"line":7,"column":147}},{"start":{"line":7,"column":152},"end":{"line":7,"column":153}}]},"9":{"line":7,"type":"cond-expr","locations":[{"start":{"line":7,"column":98},"end":{"line":7,"column":102}},{"start":{"line":7,"column":105},"end":{"line":7,"column":147}}]},"10":{"line":7,"type":"cond-expr","locations":[{"start":{"line":7,"column":113},"end":{"line":7,"column":130}},{"start":{"line":7,"column":133},"end":{"line":7,"column":147}}]},"11":{"line":8,"type":"binary-expr","locations":[{"start":{"line":8,"column":15},"end":{"line":8,"column":20}},{"start":{"line":8,"column":24},"end":{"line":8,"column":25}},{"start":{"line":8,"column":29},"end":{"line":8,"column":66}}]},"12":{"line":10,"type":"binary-expr","locations":[{"start":{"line":10,"column":22},"end":{"line":10,"column":26}},{"start":{"line":10,"column":30},"end":{"line":10,"column":45}},{"start":{"line":10,"column":50},"end":{"line":12,"column":5}}]},"13":{"line":11,"type":"if","locations":[{"start":{"line":11,"column":8},"end":{"line":11,"column":8}},{"start":{"line":11,"column":8},"end":{"line":11,"column":8}}]},"14":{"line":11,"type":"binary-expr","locations":[{"start":{"line":11,"column":12},"end":{"line":11,"column":39}},{"start":{"line":11,"column":43},"end":{"line":11,"column":81}}]}},"l":{"1":1,"3":1,"4":1,"5":1,"6":1,"7":0,"8":1,"10":1,"11":1,"13":1,"14":1,"15":1,"18":1,"21":1,"22":1,"24":1,"25":1,"27":1,"31":1,"33":1}},
"/Users/alexpikalov/ui-projects/gh-cli/app/search/search-form/search-form.component.js":{"path":"/Users/alexpikalov/ui-projects/gh-cli/app/search/search-form/search-form.component.js","s":{"1":1,"2":1,"3":1,"4":3,"5":3,"6":3,"7":0,"8":0,"9":0,"10":3,"11":1,"12":3,"13":3,"14":1,"15":1,"16":1,"17":1,"18":1,"19":1,"20":1,"21":5,"22":5,"23":5,"24":1,"25":3,"26":3,"27":2,"28":2,"29":1,"30":1,"31":1,"32":1,"33":1,"34":1},"b":{"1":[1,0],"2":[1,1,1],"3":[1,2],"4":[0,2],"5":[3,0],"6":[3,3],"7":[0,0],"8":[0,0],"9":[0,0],"10":[0,0],"11":[3,2,0],"12":[1,1,1],"13":[3,0],"14":[3,3],"15":[2,1]},"f":{"1":1,"2":3,"3":3,"4":1,"5":1,"6":1,"7":1,"8":5,"9":3},"fnMap":{"1":{"name":"(anonymous_1)","line":1,"loc":{"start":{"line":1,"column":62},"end":{"line":1,"column":93}}},"2":{"name":"(anonymous_2)","line":4,"loc":{"start":{"line":4,"column":50},"end":{"line":4,"column":91}}},"3":{"name":"(anonymous_3)","line":10,"loc":{"start":{"line":10,"column":50},"end":{"line":10,"column":66}}},"4":{"name":"(anonymous_4)","line":17,"loc":{"start":{"line":17,"column":12},"end":{"line":17,"column":32}}},"5":{"name":"(anonymous_5)","line":20,"loc":{"start":{"line":20,"column":12},"end":{"line":20,"column":40}}},"6":{"name":"(anonymous_6)","line":23,"loc":{"start":{"line":23,"column":17},"end":{"line":23,"column":28}}},"7":{"name":"(anonymous_7)","line":24,"loc":{"start":{"line":24,"column":35},"end":{"line":24,"column":47}}},"8":{"name":"SearchFormComponent","line":25,"loc":{"start":{"line":25,"column":16},"end":{"line":25,"column":47}}},"9":{"name":"(anonymous_9)","line":30,"loc":{"start":{"line":30,"column":64},"end":{"line":30,"column":80}}}},"statementMap":{"1":{"start":{"line":1,"column":0},"end":{"line":59,"column":3}},"2":{"start":{"line":3,"column":4},"end":{"line":3,"column":49}},"3":{"start":{"line":4,"column":4},"end":{"line":9,"column":6}},"4":{"start":{"line":5,"column":8},"end":{"line":5,"column":133}},"5":{"start":{"line":6,"column":8},"end":{"line":7,"column":154}},"6":{"start":{"line":6,"column":83},"end":{"line":6,"column":135}},"7":{"start":{"line":7,"column":13},"end":{"line":7,"column":154}},"8":{"start":{"line":7,"column":62},"end":{"line":7,"column":154}},"9":{"start":{"line":7,"column":85},"end":{"line":7,"column":154}},"10":{"start":{"line":8,"column":8},"end":{"line":8,"column":70}},"11":{"start":{"line":10,"column":4},"end":{"line":12,"column":6}},"12":{"start":{"line":11,"column":8},"end":{"line":11,"column":113}},"13":{"start":{"line":11,"column":83},"end":{"line":11,"column":113}},"14":{"start":{"line":13,"column":4},"end":{"line":13,"column":31}},"15":{"start":{"line":14,"column":4},"end":{"line":14,"column":28}},"16":{"start":{"line":15,"column":4},"end":{"line":58,"column":5}},"17":{"start":{"line":18,"column":16},"end":{"line":18,"column":34}},"18":{"start":{"line":21,"column":16},"end":{"line":21,"column":50}},"19":{"start":{"line":24,"column":12},"end":{"line":55,"column":17}},"20":{"start":{"line":25,"column":16},"end":{"line":29,"column":17}},"21":{"start":{"line":26,"column":20},"end":{"line":26,"column":68}},"22":{"start":{"line":27,"column":20},"end":{"line":27,"column":43}},"23":{"start":{"line":28,"column":20},"end":{"line":28,"column":46}},"24":{"start":{"line":30,"column":16},"end":{"line":37,"column":18}},"25":{"start":{"line":31,"column":20},"end":{"line":31,"column":42}},"26":{"start":{"line":32,"column":20},"end":{"line":35,"column":21}},"27":{"start":{"line":33,"column":24},"end":{"line":33,"column":63}},"28":{"start":{"line":34,"column":24},"end":{"line":34,"column":31}},"29":{"start":{"line":36,"column":20},"end":{"line":36,"column":57}},"30":{"start":{"line":38,"column":16},"end":{"line":41,"column":67}},"31":{"start":{"line":42,"column":16},"end":{"line":45,"column":76}},"32":{"start":{"line":46,"column":16},"end":{"line":53,"column":40}},"33":{"start":{"line":54,"column":16},"end":{"line":54,"column":43}},"34":{"start":{"line":56,"column":12},"end":{"line":56,"column":66}}},"branchMap":{"1":{"line":3,"type":"binary-expr","locations":[{"start":{"line":3,"column":23},"end":{"line":3,"column":32}},{"start":{"line":3,"column":36},"end":{"line":3,"column":48}}]},"2":{"line":4,"type":"binary-expr","locations":[{"start":{"line":4,"column":22},"end":{"line":4,"column":26}},{"start":{"line":4,"column":30},"end":{"line":4,"column":45}},{"start":{"line":4,"column":50},"end":{"line":9,"column":5}}]},"3":{"line":5,"type":"cond-expr","locations":[{"start":{"line":5,"column":46},"end":{"line":5,"column":52}},{"start":{"line":5,"column":55},"end":{"line":5,"column":129}}]},"4":{"line":5,"type":"cond-expr","locations":[{"start":{"line":5,"column":71},"end":{"line":5,"column":122}},{"start":{"line":5,"column":125},"end":{"line":5,"column":129}}]},"5":{"line":6,"type":"if","locations":[{"start":{"line":6,"column":8},"end":{"line":6,"column":8}},{"start":{"line":6,"column":8},"end":{"line":6,"column":8}}]},"6":{"line":6,"type":"binary-expr","locations":[{"start":{"line":6,"column":12},"end":{"line":6,"column":39}},{"start":{"line":6,"column":43},"end":{"line":6,"column":81}}]},"7":{"line":7,"type":"if","locations":[{"start":{"line":7,"column":62},"end":{"line":7,"column":62}},{"start":{"line":7,"column":62},"end":{"line":7,"column":62}}]},"8":{"line":7,"type":"binary-expr","locations":[{"start":{"line":7,"column":90},"end":{"line":7,"column":147}},{"start":{"line":7,"column":152},"end":{"line":7,"column":153}}]},"9":{"line":7,"type":"cond-expr","locations":[{"start":{"line":7,"column":98},"end":{"line":7,"column":102}},{"start":{"line":7,"column":105},"end":{"line":7,"column":147}}]},"10":{"line":7,"type":"cond-expr","locations":[{"start":{"line":7,"column":113},"end":{"line":7,"column":130}},{"start":{"line":7,"column":133},"end":{"line":7,"column":147}}]},"11":{"line":8,"type":"binary-expr","locations":[{"start":{"line":8,"column":15},"end":{"line":8,"column":20}},{"start":{"line":8,"column":24},"end":{"line":8,"column":25}},{"start":{"line":8,"column":29},"end":{"line":8,"column":66}}]},"12":{"line":10,"type":"binary-expr","locations":[{"start":{"line":10,"column":22},"end":{"line":10,"column":26}},{"start":{"line":10,"column":30},"end":{"line":10,"column":45}},{"start":{"line":10,"column":50},"end":{"line":12,"column":5}}]},"13":{"line":11,"type":"if","locations":[{"start":{"line":11,"column":8},"end":{"line":11,"column":8}},{"start":{"line":11,"column":8},"end":{"line":11,"column":8}}]},"14":{"line":11,"type":"binary-expr","locations":[{"start":{"line":11,"column":12},"end":{"line":11,"column":39}},{"start":{"line":11,"column":43},"end":{"line":11,"column":81}}]},"15":{"line":32,"type":"if","locations":[{"start":{"line":32,"column":20},"end":{"line":32,"column":20}},{"start":{"line":32,"column":20},"end":{"line":32,"column":20}}]}},"l":{"1":1,"3":1,"4":1,"5":3,"6":3,"7":0,"8":3,"10":1,"11":3,"13":1,"14":1,"15":1,"18":1,"21":1,"24":1,"25":1,"26":5,"27":5,"28":5,"30":1,"31":3,"32":3,"33":2,"34":2,"36":1,"38":1,"42":1,"46":1,"54":1,"56":1}},
"/Users/alexpikalov/ui-projects/gh-cli/app/search/search-service/search.service.js":{"path":"/Users/alexpikalov/ui-projects/gh-cli/app/search/search-service/search.service.js","s":{"1":1,"2":1,"3":1,"4":1,"5":1,"6":1,"7":0,"8":0,"9":0,"10":1,"11":1,"12":1,"13":1,"14":1,"15":1,"16":1,"17":1,"18":1,"19":1,"20":1,"21":3,"22":3,"23":3,"24":3,"25":1,"26":3,"27":1,"28":3,"29":3,"30":1,"31":1,"32":1},"b":{"1":[1,0],"2":[1,1,1],"3":[1,0],"4":[0,0],"5":[1,0],"6":[1,1],"7":[0,0],"8":[0,0],"9":[0,0],"10":[0,0],"11":[1,0,0],"12":[1,1,1],"13":[1,0],"14":[1,1],"15":[1,2]},"f":{"1":1,"2":1,"3":1,"4":1,"5":1,"6":1,"7":1,"8":3,"9":3},"fnMap":{"1":{"name":"(anonymous_1)","line":1,"loc":{"start":{"line":1,"column":52},"end":{"line":1,"column":83}}},"2":{"name":"(anonymous_2)","line":4,"loc":{"start":{"line":4,"column":50},"end":{"line":4,"column":91}}},"3":{"name":"(anonymous_3)","line":10,"loc":{"start":{"line":10,"column":50},"end":{"line":10,"column":66}}},"4":{"name":"(anonymous_4)","line":17,"loc":{"start":{"line":17,"column":12},"end":{"line":17,"column":32}}},"5":{"name":"(anonymous_5)","line":20,"loc":{"start":{"line":20,"column":12},"end":{"line":20,"column":32}}},"6":{"name":"(anonymous_6)","line":23,"loc":{"start":{"line":23,"column":17},"end":{"line":23,"column":28}}},"7":{"name":"(anonymous_7)","line":24,"loc":{"start":{"line":24,"column":29},"end":{"line":24,"column":41}}},"8":{"name":"SearchService","line":25,"loc":{"start":{"line":25,"column":16},"end":{"line":25,"column":46}}},"9":{"name":"(anonymous_9)","line":31,"loc":{"start":{"line":31,"column":51},"end":{"line":31,"column":75}}}},"statementMap":{"1":{"start":{"line":1,"column":0},"end":{"line":49,"column":3}},"2":{"start":{"line":3,"column":4},"end":{"line":3,"column":49}},"3":{"start":{"line":4,"column":4},"end":{"line":9,"column":6}},"4":{"start":{"line":5,"column":8},"end":{"line":5,"column":133}},"5":{"start":{"line":6,"column":8},"end":{"line":7,"column":154}},"6":{"start":{"line":6,"column":83},"end":{"line":6,"column":135}},"7":{"start":{"line":7,"column":13},"end":{"line":7,"column":154}},"8":{"start":{"line":7,"column":62},"end":{"line":7,"column":154}},"9":{"start":{"line":7,"column":85},"end":{"line":7,"column":154}},"10":{"start":{"line":8,"column":8},"end":{"line":8,"column":70}},"11":{"start":{"line":10,"column":4},"end":{"line":12,"column":6}},"12":{"start":{"line":11,"column":8},"end":{"line":11,"column":113}},"13":{"start":{"line":11,"column":83},"end":{"line":11,"column":113}},"14":{"start":{"line":13,"column":4},"end":{"line":13,"column":23}},"15":{"start":{"line":14,"column":4},"end":{"line":14,"column":22}},"16":{"start":{"line":15,"column":4},"end":{"line":48,"column":5}},"17":{"start":{"line":18,"column":16},"end":{"line":18,"column":34}},"18":{"start":{"line":21,"column":16},"end":{"line":21,"column":34}},"19":{"start":{"line":24,"column":12},"end":{"line":45,"column":17}},"20":{"start":{"line":25,"column":16},"end":{"line":30,"column":17}},"21":{"start":{"line":26,"column":20},"end":{"line":26,"column":39}},"22":{"start":{"line":27,"column":20},"end":{"line":27,"column":50}},"23":{"start":{"line":28,"column":20},"end":{"line":28,"column":64}},"24":{"start":{"line":29,"column":20},"end":{"line":29,"column":81}},"25":{"start":{"line":31,"column":16},"end":{"line":39,"column":18}},"26":{"start":{"line":32,"column":20},"end":{"line":34,"column":21}},"27":{"start":{"line":33,"column":24},"end":{"line":33,"column":33}},"28":{"start":{"line":35,"column":20},"end":{"line":35,"column":86}},"29":{"start":{"line":36,"column":20},"end":{"line":36,"column":47}},"30":{"start":{"line":40,"column":16},"end":{"line":43,"column":34}},"31":{"start":{"line":44,"column":16},"end":{"line":44,"column":37}},"32":{"start":{"line":46,"column":12},"end":{"line":46,"column":54}}},"branchMap":{"1":{"line":3,"type":"binary-expr","locations":[{"start":{"line":3,"column":23},"end":{"line":3,"column":32}},{"start":{"line":3,"column":36},"end":{"line":3,"column":48}}]},"2":{"line":4,"type":"binary-expr","locations":[{"start":{"line":4,"column":22},"end":{"line":4,"column":26}},{"start":{"line":4,"column":30},"end":{"line":4,"column":45}},{"start":{"line":4,"column":50},"end":{"line":9,"column":5}}]},"3":{"line":5,"type":"cond-expr","locations":[{"start":{"line":5,"column":46},"end":{"line":5,"column":52}},{"start":{"line":5,"column":55},"end":{"line":5,"column":129}}]},"4":{"line":5,"type":"cond-expr","locations":[{"start":{"line":5,"column":71},"end":{"line":5,"column":122}},{"start":{"line":5,"column":125},"end":{"line":5,"column":129}}]},"5":{"line":6,"type":"if","locations":[{"start":{"line":6,"column":8},"end":{"line":6,"column":8}},{"start":{"line":6,"column":8},"end":{"line":6,"column":8}}]},"6":{"line":6,"type":"binary-expr","locations":[{"start":{"line":6,"column":12},"end":{"line":6,"column":39}},{"start":{"line":6,"column":43},"end":{"line":6,"column":81}}]},"7":{"line":7,"type":"if","locations":[{"start":{"line":7,"column":62},"end":{"line":7,"column":62}},{"start":{"line":7,"column":62},"end":{"line":7,"column":62}}]},"8":{"line":7,"type":"binary-expr","locations":[{"start":{"line":7,"column":90},"end":{"line":7,"column":147}},{"start":{"line":7,"column":152},"end":{"line":7,"column":153}}]},"9":{"line":7,"type":"cond-expr","locations":[{"start":{"line":7,"column":98},"end":{"line":7,"column":102}},{"start":{"line":7,"column":105},"end":{"line":7,"column":147}}]},"10":{"line":7,"type":"cond-expr","locations":[{"start":{"line":7,"column":113},"end":{"line":7,"column":130}},{"start":{"line":7,"column":133},"end":{"line":7,"column":147}}]},"11":{"line":8,"type":"binary-expr","locations":[{"start":{"line":8,"column":15},"end":{"line":8,"column":20}},{"start":{"line":8,"column":24},"end":{"line":8,"column":25}},{"start":{"line":8,"column":29},"end":{"line":8,"column":66}}]},"12":{"line":10,"type":"binary-expr","locations":[{"start":{"line":10,"column":22},"end":{"line":10,"column":26}},{"start":{"line":10,"column":30},"end":{"line":10,"column":45}},{"start":{"line":10,"column":50},"end":{"line":12,"column":5}}]},"13":{"line":11,"type":"if","locations":[{"start":{"line":11,"column":8},"end":{"line":11,"column":8}},{"start":{"line":11,"column":8},"end":{"line":11,"column":8}}]},"14":{"line":11,"type":"binary-expr","locations":[{"start":{"line":11,"column":12},"end":{"line":11,"column":39}},{"start":{"line":11,"column":43},"end":{"line":11,"column":81}}]},"15":{"line":32,"type":"if","locations":[{"start":{"line":32,"column":20},"end":{"line":32,"column":20}},{"start":{"line":32,"column":20},"end":{"line":32,"column":20}}]}},"l":{"1":1,"3":1,"4":1,"5":1,"6":1,"7":0,"8":1,"10":1,"11":1,"13":1,"14":1,"15":1,"18":1,"21":1,"24":1,"25":1,"26":3,"27":3,"28":3,"29":3,"31":1,"32":3,"33":1,"35":3,"36":3,"40":1,"44":1,"46":1}},
"/Users/alexpikalov/ui-projects/gh-cli/app/utilities/test-utilities.js":{"path":"/Users/alexpikalov/ui-projects/gh-cli/app/utilities/test-utilities.js","s":{"1":1,"2":1,"3":1,"4":1,"5":5,"6":5,"7":5,"8":5,"9":5,"10":5,"11":5,"12":5,"13":5,"14":5,"15":1,"16":1,"17":1,"18":1,"19":1},"b":{"1":[1,0]},"f":{"1":1,"2":5,"3":5,"4":5,"5":5,"6":5,"7":1,"8":1,"9":1,"10":1},"fnMap":{"1":{"name":"(anonymous_1)","line":1,"loc":{"start":{"line":1,"column":77},"end":{"line":1,"column":108}}},"2":{"name":"getMocks","line":5,"loc":{"start":{"line":5,"column":4},"end":{"line":5,"column":24}}},"3":{"name":"(anonymous_3)","line":10,"loc":{"start":{"line":10,"column":28},"end":{"line":10,"column":47}}},"4":{"name":"(anonymous_4)","line":18,"loc":{"start":{"line":18,"column":38},"end":{"line":18,"column":51}}},"5":{"name":"(anonymous_5)","line":22,"loc":{"start":{"line":22,"column":27},"end":{"line":22,"column":39}}},"6":{"name":"(anonymous_6)","line":25,"loc":{"start":{"line":25,"column":21},"end":{"line":25,"column":33}}},"7":{"name":"(anonymous_7)","line":33,"loc":{"start":{"line":33,"column":12},"end":{"line":33,"column":32}}},"8":{"name":"(anonymous_8)","line":36,"loc":{"start":{"line":36,"column":12},"end":{"line":36,"column":35}}},"9":{"name":"(anonymous_9)","line":39,"loc":{"start":{"line":39,"column":12},"end":{"line":39,"column":32}}},"10":{"name":"(anonymous_10)","line":42,"loc":{"start":{"line":42,"column":17},"end":{"line":42,"column":28}}}},"statementMap":{"1":{"start":{"line":1,"column":0},"end":{"line":45,"column":3}},"2":{"start":{"line":3,"column":4},"end":{"line":3,"column":49}},"3":{"start":{"line":4,"column":4},"end":{"line":4,"column":34}},"4":{"start":{"line":5,"column":4},"end":{"line":29,"column":5}},"5":{"start":{"line":6,"column":8},"end":{"line":6,"column":17}},"6":{"start":{"line":7,"column":8},"end":{"line":15,"column":11}},"7":{"start":{"line":11,"column":20},"end":{"line":11,"column":85}},"8":{"start":{"line":16,"column":8},"end":{"line":16,"column":45}},"9":{"start":{"line":17,"column":8},"end":{"line":17,"column":58}},"10":{"start":{"line":18,"column":8},"end":{"line":20,"column":11}},"11":{"start":{"line":19,"column":12},"end":{"line":19,"column":21}},"12":{"start":{"line":21,"column":8},"end":{"line":28,"column":10}},"13":{"start":{"line":23,"column":16},"end":{"line":23,"column":28}},"14":{"start":{"line":26,"column":16},"end":{"line":26,"column":28}},"15":{"start":{"line":30,"column":4},"end":{"line":30,"column":36}},"16":{"start":{"line":31,"column":4},"end":{"line":44,"column":5}},"17":{"start":{"line":34,"column":16},"end":{"line":34,"column":34}},"18":{"start":{"line":37,"column":16},"end":{"line":37,"column":40}},"19":{"start":{"line":40,"column":16},"end":{"line":40,"column":34}}},"branchMap":{"1":{"line":3,"type":"binary-expr","locations":[{"start":{"line":3,"column":23},"end":{"line":3,"column":32}},{"start":{"line":3,"column":36},"end":{"line":3,"column":48}}]}},"l":{"1":1,"3":1,"4":1,"5":1,"6":5,"7":5,"11":5,"16":5,"17":5,"18":5,"19":5,"21":5,"23":5,"26":5,"30":1,"31":1,"34":1,"37":1,"40":1}},
"/Users/alexpikalov/ui-projects/gh-cli/app/search/search-results/search-results.component.js":{"path":"/Users/alexpikalov/ui-projects/gh-cli/app/search/search-results/search-results.component.js","s":{"1":1,"2":1,"3":1,"4":1,"5":1,"6":1,"7":0,"8":0,"9":0,"10":1,"11":1,"12":1,"13":1,"14":1,"15":1,"16":1,"17":1,"18":1,"19":1,"20":1,"21":1,"22":1,"23":1,"24":1,"25":1,"26":1,"27":15,"28":15,"29":15,"30":15,"31":15,"32":15,"33":15,"34":1,"35":2,"36":2,"37":1,"38":2,"39":2,"40":1,"41":1,"42":1,"43":1,"44":1,"45":2,"46":2,"47":2,"48":2,"49":1,"50":1,"51":1,"52":1,"53":1,"54":1,"55":1,"56":1,"57":1,"58":5,"59":5,"60":5,"61":2,"62":2,"63":1,"64":2,"65":1,"66":1,"67":1},"b":{"1":[1,0],"2":[1,1,1],"3":[1,0],"4":[0,0],"5":[1,0],"6":[1,1],"7":[0,0],"8":[0,0],"9":[0,0],"10":[0,0],"11":[1,0,0],"12":[1,1,1],"13":[1,0],"14":[1,1],"15":[5,4],"16":[2,3]},"f":{"1":1,"2":1,"3":1,"4":1,"5":1,"6":1,"7":1,"8":1,"9":1,"10":1,"11":1,"12":1,"13":15,"14":2,"15":2,"16":1,"17":1,"18":2,"19":2,"20":1,"21":1,"22":5,"23":2},"fnMap":{"1":{"name":"(anonymous_1)","line":1,"loc":{"start":{"line":1,"column":235},"end":{"line":1,"column":266}}},"2":{"name":"(anonymous_2)","line":4,"loc":{"start":{"line":4,"column":50},"end":{"line":4,"column":91}}},"3":{"name":"(anonymous_3)","line":10,"loc":{"start":{"line":10,"column":50},"end":{"line":10,"column":66}}},"4":{"name":"(anonymous_4)","line":17,"loc":{"start":{"line":17,"column":12},"end":{"line":17,"column":32}}},"5":{"name":"(anonymous_5)","line":20,"loc":{"start":{"line":20,"column":12},"end":{"line":20,"column":34}}},"6":{"name":"(anonymous_6)","line":23,"loc":{"start":{"line":23,"column":12},"end":{"line":23,"column":42}}},"7":{"name":"(anonymous_7)","line":26,"loc":{"start":{"line":26,"column":12},"end":{"line":26,"column":42}}},"8":{"name":"(anonymous_8)","line":29,"loc":{"start":{"line":29,"column":12},"end":{"line":29,"column":43}}},"9":{"name":"(anonymous_9)","line":32,"loc":{"start":{"line":32,"column":12},"end":{"line":32,"column":49}}},"10":{"name":"(anonymous_10)","line":35,"loc":{"start":{"line":35,"column":12},"end":{"line":35,"column":44}}},"11":{"name":"(anonymous_11)","line":38,"loc":{"start":{"line":38,"column":17},"end":{"line":38,"column":28}}},"12":{"name":"(anonymous_12)","line":40,"loc":{"start":{"line":40,"column":38},"end":{"line":40,"column":50}}},"13":{"name":"SearchResultsComponent","line":41,"loc":{"start":{"line":41,"column":16},"end":{"line":41,"column":96}}},"14":{"name":"(anonymous_14)","line":50,"loc":{"start":{"line":50,"column":66},"end":{"line":50,"column":83}}},"15":{"name":"(anonymous_15)","line":54,"loc":{"start":{"line":54,"column":67},"end":{"line":54,"column":82}}},"16":{"name":"(anonymous_16)","line":58,"loc":{"start":{"line":58,"column":63},"end":{"line":58,"column":79}}},"17":{"name":"(anonymous_17)","line":61,"loc":{"start":{"line":61,"column":61},"end":{"line":61,"column":80}}},"18":{"name":"(anonymous_18)","line":64,"loc":{"start":{"line":64,"column":67},"end":{"line":64,"column":84}}},"19":{"name":"(anonymous_19)","line":66,"loc":{"start":{"line":66,"column":27},"end":{"line":66,"column":43}}},"20":{"name":"(anonymous_20)","line":69,"loc":{"start":{"line":69,"column":39},"end":{"line":69,"column":56}}},"21":{"name":"(anonymous_21)","line":73,"loc":{"start":{"line":73,"column":27},"end":{"line":73,"column":42}}},"22":{"name":"(anonymous_22)","line":82,"loc":{"start":{"line":82,"column":60},"end":{"line":82,"column":72}}},"23":{"name":"(anonymous_23)","line":90,"loc":{"start":{"line":90,"column":64},"end":{"line":90,"column":77}}}},"statementMap":{"1":{"start":{"line":1,"column":0},"end":{"line":107,"column":3}},"2":{"start":{"line":3,"column":4},"end":{"line":3,"column":49}},"3":{"start":{"line":4,"column":4},"end":{"line":9,"column":6}},"4":{"start":{"line":5,"column":8},"end":{"line":5,"column":133}},"5":{"start":{"line":6,"column":8},"end":{"line":7,"column":154}},"6":{"start":{"line":6,"column":83},"end":{"line":6,"column":135}},"7":{"start":{"line":7,"column":13},"end":{"line":7,"column":154}},"8":{"start":{"line":7,"column":62},"end":{"line":7,"column":154}},"9":{"start":{"line":7,"column":85},"end":{"line":7,"column":154}},"10":{"start":{"line":8,"column":8},"end":{"line":8,"column":70}},"11":{"start":{"line":10,"column":4},"end":{"line":12,"column":6}},"12":{"start":{"line":11,"column":8},"end":{"line":11,"column":113}},"13":{"start":{"line":11,"column":83},"end":{"line":11,"column":113}},"14":{"start":{"line":13,"column":4},"end":{"line":13,"column":125}},"15":{"start":{"line":14,"column":4},"end":{"line":14,"column":43}},"16":{"start":{"line":15,"column":4},"end":{"line":106,"column":5}},"17":{"start":{"line":18,"column":16},"end":{"line":18,"column":34}},"18":{"start":{"line":21,"column":16},"end":{"line":21,"column":38}},"19":{"start":{"line":24,"column":16},"end":{"line":24,"column":54}},"20":{"start":{"line":27,"column":16},"end":{"line":27,"column":54}},"21":{"start":{"line":30,"column":16},"end":{"line":30,"column":56}},"22":{"start":{"line":33,"column":16},"end":{"line":33,"column":68}},"23":{"start":{"line":36,"column":16},"end":{"line":36,"column":58}},"24":{"start":{"line":39,"column":12},"end":{"line":39,"column":27}},"25":{"start":{"line":40,"column":12},"end":{"line":103,"column":17}},"26":{"start":{"line":41,"column":16},"end":{"line":49,"column":17}},"27":{"start":{"line":42,"column":20},"end":{"line":42,"column":57}},"28":{"start":{"line":43,"column":20},"end":{"line":43,"column":43}},"29":{"start":{"line":44,"column":20},"end":{"line":44,"column":53}},"30":{"start":{"line":45,"column":20},"end":{"line":45,"column":43}},"31":{"start":{"line":46,"column":20},"end":{"line":46,"column":37}},"32":{"start":{"line":47,"column":20},"end":{"line":47,"column":43}},"33":{"start":{"line":48,"column":20},"end":{"line":48,"column":43}},"34":{"start":{"line":50,"column":16},"end":{"line":53,"column":18}},"35":{"start":{"line":51,"column":20},"end":{"line":51,"column":39}},"36":{"start":{"line":52,"column":20},"end":{"line":52,"column":97}},"37":{"start":{"line":54,"column":16},"end":{"line":57,"column":18}},"38":{"start":{"line":55,"column":20},"end":{"line":55,"column":44}},"39":{"start":{"line":56,"column":20},"end":{"line":56,"column":54}},"40":{"start":{"line":58,"column":16},"end":{"line":60,"column":18}},"41":{"start":{"line":59,"column":20},"end":{"line":59,"column":49}},"42":{"start":{"line":61,"column":16},"end":{"line":63,"column":18}},"43":{"start":{"line":62,"column":20},"end":{"line":62,"column":99}},"44":{"start":{"line":64,"column":16},"end":{"line":81,"column":18}},"45":{"start":{"line":65,"column":20},"end":{"line":65,"column":37}},"46":{"start":{"line":66,"column":20},"end":{"line":80,"column":22}},"47":{"start":{"line":67,"column":24},"end":{"line":67,"column":50}},"48":{"start":{"line":68,"column":24},"end":{"line":79,"column":27}},"49":{"start":{"line":70,"column":28},"end":{"line":70,"column":47}},"50":{"start":{"line":71,"column":28},"end":{"line":71,"column":64}},"51":{"start":{"line":72,"column":28},"end":{"line":72,"column":51}},"52":{"start":{"line":74,"column":28},"end":{"line":74,"column":61}},"53":{"start":{"line":75,"column":28},"end":{"line":75,"column":73}},"54":{"start":{"line":76,"column":28},"end":{"line":76,"column":46}},"55":{"start":{"line":77,"column":28},"end":{"line":77,"column":50}},"56":{"start":{"line":78,"column":28},"end":{"line":78,"column":51}},"57":{"start":{"line":82,"column":16},"end":{"line":89,"column":18}},"58":{"start":{"line":83,"column":20},"end":{"line":83,"column":64}},"59":{"start":{"line":84,"column":20},"end":{"line":84,"column":93}},"60":{"start":{"line":85,"column":20},"end":{"line":88,"column":21}},"61":{"start":{"line":86,"column":24},"end":{"line":86,"column":78}},"62":{"start":{"line":87,"column":24},"end":{"line":87,"column":61}},"63":{"start":{"line":90,"column":16},"end":{"line":92,"column":18}},"64":{"start":{"line":91,"column":20},"end":{"line":91,"column":44}},"65":{"start":{"line":93,"column":16},"end":{"line":101,"column":43}},"66":{"start":{"line":102,"column":16},"end":{"line":102,"column":46}},"67":{"start":{"line":104,"column":12},"end":{"line":104,"column":72}}},"branchMap":{"1":{"line":3,"type":"binary-expr","locations":[{"start":{"line":3,"column":23},"end":{"line":3,"column":32}},{"start":{"line":3,"column":36},"end":{"line":3,"column":48}}]},"2":{"line":4,"type":"binary-expr","locations":[{"start":{"line":4,"column":22},"end":{"line":4,"column":26}},{"start":{"line":4,"column":30},"end":{"line":4,"column":45}},{"start":{"line":4,"column":50},"end":{"line":9,"column":5}}]},"3":{"line":5,"type":"cond-expr","locations":[{"start":{"line":5,"column":46},"end":{"line":5,"column":52}},{"start":{"line":5,"column":55},"end":{"line":5,"column":129}}]},"4":{"line":5,"type":"cond-expr","locations":[{"start":{"line":5,"column":71},"end":{"line":5,"column":122}},{"start":{"line":5,"column":125},"end":{"line":5,"column":129}}]},"5":{"line":6,"type":"if","locations":[{"start":{"line":6,"column":8},"end":{"line":6,"column":8}},{"start":{"line":6,"column":8},"end":{"line":6,"column":8}}]},"6":{"line":6,"type":"binary-expr","locations":[{"start":{"line":6,"column":12},"end":{"line":6,"column":39}},{"start":{"line":6,"column":43},"end":{"line":6,"column":81}}]},"7":{"line":7,"type":"if","locations":[{"start":{"line":7,"column":62},"end":{"line":7,"column":62}},{"start":{"line":7,"column":62},"end":{"line":7,"column":62}}]},"8":{"line":7,"type":"binary-expr","locations":[{"start":{"line":7,"column":90},"end":{"line":7,"column":147}},{"start":{"line":7,"column":152},"end":{"line":7,"column":153}}]},"9":{"line":7,"type":"cond-expr","locations":[{"start":{"line":7,"column":98},"end":{"line":7,"column":102}},{"start":{"line":7,"column":105},"end":{"line":7,"column":147}}]},"10":{"line":7,"type":"cond-expr","locations":[{"start":{"line":7,"column":113},"end":{"line":7,"column":130}},{"start":{"line":7,"column":133},"end":{"line":7,"column":147}}]},"11":{"line":8,"type":"binary-expr","locations":[{"start":{"line":8,"column":15},"end":{"line":8,"column":20}},{"start":{"line":8,"column":24},"end":{"line":8,"column":25}},{"start":{"line":8,"column":29},"end":{"line":8,"column":66}}]},"12":{"line":10,"type":"binary-expr","locations":[{"start":{"line":10,"column":22},"end":{"line":10,"column":26}},{"start":{"line":10,"column":30},"end":{"line":10,"column":45}},{"start":{"line":10,"column":50},"end":{"line":12,"column":5}}]},"13":{"line":11,"type":"if","locations":[{"start":{"line":11,"column":8},"end":{"line":11,"column":8}},{"start":{"line":11,"column":8},"end":{"line":11,"column":8}}]},"14":{"line":11,"type":"binary-expr","locations":[{"start":{"line":11,"column":12},"end":{"line":11,"column":39}},{"start":{"line":11,"column":43},"end":{"line":11,"column":81}}]},"15":{"line":84,"type":"binary-expr","locations":[{"start":{"line":84,"column":39},"end":{"line":84,"column":78}},{"start":{"line":84,"column":82},"end":{"line":84,"column":92}}]},"16":{"line":85,"type":"if","locations":[{"start":{"line":85,"column":20},"end":{"line":85,"column":20}},{"start":{"line":85,"column":20},"end":{"line":85,"column":20}}]}},"l":{"1":1,"3":1,"4":1,"5":1,"6":1,"7":0,"8":1,"10":1,"11":1,"13":1,"14":1,"15":1,"18":1,"21":1,"24":1,"27":1,"30":1,"33":1,"36":1,"39":1,"40":1,"41":1,"42":15,"43":15,"44":15,"45":15,"46":15,"47":15,"48":15,"50":1,"51":2,"52":2,"54":1,"55":2,"56":2,"58":1,"59":1,"61":1,"62":1,"64":1,"65":2,"66":2,"67":2,"68":2,"70":1,"71":1,"72":1,"74":1,"75":1,"76":1,"77":1,"78":1,"82":1,"83":5,"84":5,"85":5,"86":2,"87":2,"90":1,"91":2,"93":1,"102":1,"104":1}},
"/Users/alexpikalov/ui-projects/gh-cli/app/search/search.component.js":{"path":"/Users/alexpikalov/ui-projects/gh-cli/app/search/search.component.js","s":{"1":1,"2":1,"3":1,"4":1,"5":1,"6":1,"7":0,"8":0,"9":0,"10":1,"11":1,"12":1,"13":1,"14":1,"15":1,"16":1,"17":1,"18":1,"19":1,"20":1,"21":1,"22":1,"23":1,"24":1,"25":1,"26":1,"27":1},"b":{"1":[1,0],"2":[1,1,1],"3":[1,0],"4":[0,0],"5":[1,0],"6":[1,1],"7":[0,0],"8":[0,0],"9":[0,0],"10":[0,0],"11":[1,0,0],"12":[1,1,1],"13":[1,0],"14":[1,1]},"f":{"1":1,"2":1,"3":1,"4":1,"5":1,"6":1,"7":1,"8":1,"9":1,"10":1},"fnMap":{"1":{"name":"(anonymous_1)","line":1,"loc":{"start":{"line":1,"column":93},"end":{"line":1,"column":124}}},"2":{"name":"(anonymous_2)","line":4,"loc":{"start":{"line":4,"column":50},"end":{"line":4,"column":91}}},"3":{"name":"(anonymous_3)","line":10,"loc":{"start":{"line":10,"column":50},"end":{"line":10,"column":66}}},"4":{"name":"(anonymous_4)","line":17,"loc":{"start":{"line":17,"column":12},"end":{"line":17,"column":32}}},"5":{"name":"(anonymous_5)","line":20,"loc":{"start":{"line":20,"column":12},"end":{"line":20,"column":34}}},"6":{"name":"(anonymous_6)","line":23,"loc":{"start":{"line":23,"column":12},"end":{"line":23,"column":49}}},"7":{"name":"(anonymous_7)","line":26,"loc":{"start":{"line":26,"column":17},"end":{"line":26,"column":28}}},"8":{"name":"(anonymous_8)","line":27,"loc":{"start":{"line":27,"column":31},"end":{"line":27,"column":43}}},"9":{"name":"SearchComponent","line":28,"loc":{"start":{"line":28,"column":16},"end":{"line":28,"column":50}}},"10":{"name":"(anonymous_10)","line":31,"loc":{"start":{"line":31,"column":59},"end":{"line":31,"column":74}}}},"statementMap":{"1":{"start":{"line":1,"column":0},"end":{"line":47,"column":3}},"2":{"start":{"line":3,"column":4},"end":{"line":3,"column":49}},"3":{"start":{"line":4,"column":4},"end":{"line":9,"column":6}},"4":{"start":{"line":5,"column":8},"end":{"line":5,"column":133}},"5":{"start":{"line":6,"column":8},"end":{"line":7,"column":154}},"6":{"start":{"line":6,"column":83},"end":{"line":6,"column":135}},"7":{"start":{"line":7,"column":13},"end":{"line":7,"column":154}},"8":{"start":{"line":7,"column":62},"end":{"line":7,"column":154}},"9":{"start":{"line":7,"column":85},"end":{"line":7,"column":154}},"10":{"start":{"line":8,"column":8},"end":{"line":8,"column":70}},"11":{"start":{"line":10,"column":4},"end":{"line":12,"column":6}},"12":{"start":{"line":11,"column":8},"end":{"line":11,"column":113}},"13":{"start":{"line":11,"column":83},"end":{"line":11,"column":113}},"14":{"start":{"line":13,"column":4},"end":{"line":13,"column":50}},"15":{"start":{"line":14,"column":4},"end":{"line":14,"column":24}},"16":{"start":{"line":15,"column":4},"end":{"line":46,"column":5}},"17":{"start":{"line":18,"column":16},"end":{"line":18,"column":34}},"18":{"start":{"line":21,"column":16},"end":{"line":21,"column":38}},"19":{"start":{"line":24,"column":16},"end":{"line":24,"column":68}},"20":{"start":{"line":27,"column":12},"end":{"line":43,"column":17}},"21":{"start":{"line":28,"column":16},"end":{"line":30,"column":17}},"22":{"start":{"line":29,"column":20},"end":{"line":29,"column":43}},"23":{"start":{"line":31,"column":16},"end":{"line":33,"column":18}},"24":{"start":{"line":32,"column":20},"end":{"line":32,"column":86}},"25":{"start":{"line":34,"column":16},"end":{"line":41,"column":36}},"26":{"start":{"line":42,"column":16},"end":{"line":42,"column":39}},"27":{"start":{"line":44,"column":12},"end":{"line":44,"column":58}}},"branchMap":{"1":{"line":3,"type":"binary-expr","locations":[{"start":{"line":3,"column":23},"end":{"line":3,"column":32}},{"start":{"line":3,"column":36},"end":{"line":3,"column":48}}]},"2":{"line":4,"type":"binary-expr","locations":[{"start":{"line":4,"column":22},"end":{"line":4,"column":26}},{"start":{"line":4,"column":30},"end":{"line":4,"column":45}},{"start":{"line":4,"column":50},"end":{"line":9,"column":5}}]},"3":{"line":5,"type":"cond-expr","locations":[{"start":{"line":5,"column":46},"end":{"line":5,"column":52}},{"start":{"line":5,"column":55},"end":{"line":5,"column":129}}]},"4":{"line":5,"type":"cond-expr","locations":[{"start":{"line":5,"column":71},"end":{"line":5,"column":122}},{"start":{"line":5,"column":125},"end":{"line":5,"column":129}}]},"5":{"line":6,"type":"if","locations":[{"start":{"line":6,"column":8},"end":{"line":6,"column":8}},{"start":{"line":6,"column":8},"end":{"line":6,"column":8}}]},"6":{"line":6,"type":"binary-expr","locations":[{"start":{"line":6,"column":12},"end":{"line":6,"column":39}},{"start":{"line":6,"column":43},"end":{"line":6,"column":81}}]},"7":{"line":7,"type":"if","locations":[{"start":{"line":7,"column":62},"end":{"line":7,"column":62}},{"start":{"line":7,"column":62},"end":{"line":7,"column":62}}]},"8":{"line":7,"type":"binary-expr","locations":[{"start":{"line":7,"column":90},"end":{"line":7,"column":147}},{"start":{"line":7,"column":152},"end":{"line":7,"column":153}}]},"9":{"line":7,"type":"cond-expr","locations":[{"start":{"line":7,"column":98},"end":{"line":7,"column":102}},{"start":{"line":7,"column":105},"end":{"line":7,"column":147}}]},"10":{"line":7,"type":"cond-expr","locations":[{"start":{"line":7,"column":113},"end":{"line":7,"column":130}},{"start":{"line":7,"column":133},"end":{"line":7,"column":147}}]},"11":{"line":8,"type":"binary-expr","locations":[{"start":{"line":8,"column":15},"end":{"line":8,"column":20}},{"start":{"line":8,"column":24},"end":{"line":8,"column":25}},{"start":{"line":8,"column":29},"end":{"line":8,"column":66}}]},"12":{"line":10,"type":"binary-expr","locations":[{"start":{"line":10,"column":22},"end":{"line":10,"column":26}},{"start":{"line":10,"column":30},"end":{"line":10,"column":45}},{"start":{"line":10,"column":50},"end":{"line":12,"column":5}}]},"13":{"line":11,"type":"if","locations":[{"start":{"line":11,"column":8},"end":{"line":11,"column":8}},{"start":{"line":11,"column":8},"end":{"line":11,"column":8}}]},"14":{"line":11,"type":"binary-expr","locations":[{"start":{"line":11,"column":12},"end":{"line":11,"column":39}},{"start":{"line":11,"column":43},"end":{"line":11,"column":81}}]}},"l":{"1":1,"3":1,"4":1,"5":1,"6":1,"7":0,"8":1,"10":1,"11":1,"13":1,"14":1,"15":1,"18":1,"21":1,"24":1,"27":1,"28":1,"29":1,"31":1,"32":1,"34":1,"42":1,"44":1}},
"/Users/alexpikalov/ui-projects/gh-cli/app/search/user-profile/user-profile.component.js":{"path":"/Users/alexpikalov/ui-projects/gh-cli/app/search/user-profile/user-profile.component.js","s":{"1":1,"2":1,"3":1,"4":1,"5":1,"6":1,"7":0,"8":0,"9":0,"10":1,"11":1,"12":1,"13":1,"14":1,"15":1,"16":1,"17":1,"18":1,"19":1,"20":1,"21":1,"22":1,"23":4,"24":4,"25":1,"26":1,"27":1,"28":1,"29":1,"30":1,"31":2,"32":2,"33":2,"34":1,"35":1,"36":1,"37":1,"38":1},"b":{"1":[1,0],"2":[1,1,1],"3":[1,0],"4":[0,0],"5":[1,0],"6":[1,1],"7":[0,0],"8":[0,0],"9":[0,0],"10":[0,0],"11":[1,0,0],"12":[1,1,1],"13":[1,0],"14":[1,1],"15":[1,1]},"f":{"1":1,"2":1,"3":1,"4":1,"5":1,"6":1,"7":1,"8":1,"9":1,"10":4,"11":1,"12":1,"13":2,"14":2,"15":1},"fnMap":{"1":{"name":"(anonymous_1)","line":1,"loc":{"start":{"line":1,"column":124},"end":{"line":1,"column":155}}},"2":{"name":"(anonymous_2)","line":4,"loc":{"start":{"line":4,"column":50},"end":{"line":4,"column":91}}},"3":{"name":"(anonymous_3)","line":10,"loc":{"start":{"line":10,"column":50},"end":{"line":10,"column":66}}},"4":{"name":"(anonymous_4)","line":17,"loc":{"start":{"line":17,"column":12},"end":{"line":17,"column":32}}},"5":{"name":"(anonymous_5)","line":20,"loc":{"start":{"line":20,"column":12},"end":{"line":20,"column":34}}},"6":{"name":"(anonymous_6)","line":23,"loc":{"start":{"line":23,"column":12},"end":{"line":23,"column":40}}},"7":{"name":"(anonymous_7)","line":26,"loc":{"start":{"line":26,"column":12},"end":{"line":26,"column":44}}},"8":{"name":"(anonymous_8)","line":29,"loc":{"start":{"line":29,"column":17},"end":{"line":29,"column":28}}},"9":{"name":"(anonymous_9)","line":30,"loc":{"start":{"line":30,"column":36},"end":{"line":30,"column":48}}},"10":{"name":"UserProfileComponent","line":31,"loc":{"start":{"line":31,"column":16},"end":{"line":31,"column":74}}},"11":{"name":"(anonymous_11)","line":35,"loc":{"start":{"line":35,"column":56},"end":{"line":35,"column":68}}},"12":{"name":"(anonymous_12)","line":38,"loc":{"start":{"line":38,"column":58},"end":{"line":38,"column":70}}},"13":{"name":"(anonymous_13)","line":42,"loc":{"start":{"line":42,"column":64},"end":{"line":42,"column":76}}},"14":{"name":"(anonymous_14)","line":45,"loc":{"start":{"line":45,"column":35},"end":{"line":45,"column":50}}},"15":{"name":"(anonymous_15)","line":47,"loc":{"start":{"line":47,"column":74},"end":{"line":47,"column":93}}}},"statementMap":{"1":{"start":{"line":1,"column":0},"end":{"line":64,"column":3}},"2":{"start":{"line":3,"column":4},"end":{"line":3,"column":49}},"3":{"start":{"line":4,"column":4},"end":{"line":9,"column":6}},"4":{"start":{"line":5,"column":8},"end":{"line":5,"column":133}},"5":{"start":{"line":6,"column":8},"end":{"line":7,"column":154}},"6":{"start":{"line":6,"column":83},"end":{"line":6,"column":135}},"7":{"start":{"line":7,"column":13},"end":{"line":7,"column":154}},"8":{"start":{"line":7,"column":62},"end":{"line":7,"column":154}},"9":{"start":{"line":7,"column":85},"end":{"line":7,"column":154}},"10":{"start":{"line":8,"column":8},"end":{"line":8,"column":70}},"11":{"start":{"line":10,"column":4},"end":{"line":12,"column":6}},"12":{"start":{"line":11,"column":8},"end":{"line":11,"column":113}},"13":{"start":{"line":11,"column":83},"end":{"line":11,"column":113}},"14":{"start":{"line":13,"column":4},"end":{"line":13,"column":61}},"15":{"start":{"line":14,"column":4},"end":{"line":14,"column":29}},"16":{"start":{"line":15,"column":4},"end":{"line":63,"column":5}},"17":{"start":{"line":18,"column":16},"end":{"line":18,"column":34}},"18":{"start":{"line":21,"column":16},"end":{"line":21,"column":38}},"19":{"start":{"line":24,"column":16},"end":{"line":24,"column":50}},"20":{"start":{"line":27,"column":16},"end":{"line":27,"column":58}},"21":{"start":{"line":30,"column":12},"end":{"line":60,"column":17}},"22":{"start":{"line":31,"column":16},"end":{"line":34,"column":17}},"23":{"start":{"line":32,"column":20},"end":{"line":32,"column":53}},"24":{"start":{"line":33,"column":20},"end":{"line":33,"column":53}},"25":{"start":{"line":35,"column":16},"end":{"line":37,"column":18}},"26":{"start":{"line":36,"column":20},"end":{"line":36,"column":35}},"27":{"start":{"line":38,"column":16},"end":{"line":41,"column":18}},"28":{"start":{"line":39,"column":20},"end":{"line":39,"column":68}},"29":{"start":{"line":40,"column":20},"end":{"line":40,"column":42}},"30":{"start":{"line":42,"column":16},"end":{"line":46,"column":18}},"31":{"start":{"line":43,"column":20},"end":{"line":43,"column":37}},"32":{"start":{"line":44,"column":20},"end":{"line":45,"column":106}},"33":{"start":{"line":45,"column":52},"end":{"line":45,"column":102}},"34":{"start":{"line":47,"column":16},"end":{"line":49,"column":18}},"35":{"start":{"line":48,"column":20},"end":{"line":48,"column":78}},"36":{"start":{"line":50,"column":16},"end":{"line":58,"column":41}},"37":{"start":{"line":59,"column":16},"end":{"line":59,"column":44}},"38":{"start":{"line":61,"column":12},"end":{"line":61,"column":68}}},"branchMap":{"1":{"line":3,"type":"binary-expr","locations":[{"start":{"line":3,"column":23},"end":{"line":3,"column":32}},{"start":{"line":3,"column":36},"end":{"line":3,"column":48}}]},"2":{"line":4,"type":"binary-expr","locations":[{"start":{"line":4,"column":22},"end":{"line":4,"column":26}},{"start":{"line":4,"column":30},"end":{"line":4,"column":45}},{"start":{"line":4,"column":50},"end":{"line":9,"column":5}}]},"3":{"line":5,"type":"cond-expr","locations":[{"start":{"line":5,"column":46},"end":{"line":5,"column":52}},{"start":{"line":5,"column":55},"end":{"line":5,"column":129}}]},"4":{"line":5,"type":"cond-expr","locations":[{"start":{"line":5,"column":71},"end":{"line":5,"column":122}},{"start":{"line":5,"column":125},"end":{"line":5,"column":129}}]},"5":{"line":6,"type":"if","locations":[{"start":{"line":6,"column":8},"end":{"line":6,"column":8}},{"start":{"line":6,"column":8},"end":{"line":6,"column":8}}]},"6":{"line":6,"type":"binary-expr","locations":[{"start":{"line":6,"column":12},"end":{"line":6,"column":39}},{"start":{"line":6,"column":43},"end":{"line":6,"column":81}}]},"7":{"line":7,"type":"if","locations":[{"start":{"line":7,"column":62},"end":{"line":7,"column":62}},{"start":{"line":7,"column":62},"end":{"line":7,"column":62}}]},"8":{"line":7,"type":"binary-expr","locations":[{"start":{"line":7,"column":90},"end":{"line":7,"column":147}},{"start":{"line":7,"column":152},"end":{"line":7,"column":153}}]},"9":{"line":7,"type":"cond-expr","locations":[{"start":{"line":7,"column":98},"end":{"line":7,"column":102}},{"start":{"line":7,"column":105},"end":{"line":7,"column":147}}]},"10":{"line":7,"type":"cond-expr","locations":[{"start":{"line":7,"column":113},"end":{"line":7,"column":130}},{"start":{"line":7,"column":133},"end":{"line":7,"column":147}}]},"11":{"line":8,"type":"binary-expr","locations":[{"start":{"line":8,"column":15},"end":{"line":8,"column":20}},{"start":{"line":8,"column":24},"end":{"line":8,"column":25}},{"start":{"line":8,"column":29},"end":{"line":8,"column":66}}]},"12":{"line":10,"type":"binary-expr","locations":[{"start":{"line":10,"column":22},"end":{"line":10,"column":26}},{"start":{"line":10,"column":30},"end":{"line":10,"column":45}},{"start":{"line":10,"column":50},"end":{"line":12,"column":5}}]},"13":{"line":11,"type":"if","locations":[{"start":{"line":11,"column":8},"end":{"line":11,"column":8}},{"start":{"line":11,"column":8},"end":{"line":11,"column":8}}]},"14":{"line":11,"type":"binary-expr","locations":[{"start":{"line":11,"column":12},"end":{"line":11,"column":39}},{"start":{"line":11,"column":43},"end":{"line":11,"column":81}}]},"15":{"line":48,"type":"binary-expr","locations":[{"start":{"line":48,"column":49},"end":{"line":48,"column":61}},{"start":{"line":48,"column":65},"end":{"line":48,"column":67}}]}},"l":{"1":1,"3":1,"4":1,"5":1,"6":1,"7":0,"8":1,"10":1,"11":1,"13":1,"14":1,"15":1,"18":1,"21":1,"24":1,"27":1,"30":1,"31":1,"32":4,"33":4,"35":1,"36":1,"38":1,"39":1,"40":1,"42":1,"43":2,"44":2,"45":2,"47":1,"48":1,"50":1,"59":1,"61":1}},
"/Users/alexpikalov/ui-projects/gh-cli/app/user/user.service.js":{"path":"/Users/alexpikalov/ui-projects/gh-cli/app/user/user.service.js","s":{"1":1,"2":1,"3":1,"4":1,"5":1,"6":1,"7":0,"8":0,"9":0,"10":1,"11":1,"12":1,"13":1,"14":1,"15":1,"16":1,"17":1,"18":1,"19":1,"20":1,"21":2,"22":2,"23":1,"24":2,"25":2,"26":1,"27":1,"28":1},"b":{"1":[1,0],"2":[1,1,1],"3":[1,0],"4":[0,0],"5":[1,0],"6":[1,1],"7":[0,0],"8":[0,0],"9":[0,0],"10":[0,0],"11":[1,0,0],"12":[1,1,1],"13":[1,0],"14":[1,1]},"f":{"1":1,"2":1,"3":1,"4":1,"5":1,"6":1,"7":1,"8":2,"9":2},"fnMap":{"1":{"name":"(anonymous_1)","line":1,"loc":{"start":{"line":1,"column":52},"end":{"line":1,"column":83}}},"2":{"name":"(anonymous_2)","line":4,"loc":{"start":{"line":4,"column":50},"end":{"line":4,"column":91}}},"3":{"name":"(anonymous_3)","line":10,"loc":{"start":{"line":10,"column":50},"end":{"line":10,"column":66}}},"4":{"name":"(anonymous_4)","line":17,"loc":{"start":{"line":17,"column":12},"end":{"line":17,"column":32}}},"5":{"name":"(anonymous_5)","line":20,"loc":{"start":{"line":20,"column":12},"end":{"line":20,"column":32}}},"6":{"name":"(anonymous_6)","line":23,"loc":{"start":{"line":23,"column":17},"end":{"line":23,"column":28}}},"7":{"name":"(anonymous_7)","line":24,"loc":{"start":{"line":24,"column":27},"end":{"line":24,"column":39}}},"8":{"name":"UserService","line":25,"loc":{"start":{"line":25,"column":16},"end":{"line":25,"column":44}}},"9":{"name":"(anonymous_9)","line":29,"loc":{"start":{"line":29,"column":51},"end":{"line":29,"column":72}}}},"statementMap":{"1":{"start":{"line":1,"column":0},"end":{"line":42,"column":3}},"2":{"start":{"line":3,"column":4},"end":{"line":3,"column":49}},"3":{"start":{"line":4,"column":4},"end":{"line":9,"column":6}},"4":{"start":{"line":5,"column":8},"end":{"line":5,"column":133}},"5":{"start":{"line":6,"column":8},"end":{"line":7,"column":154}},"6":{"start":{"line":6,"column":83},"end":{"line":6,"column":135}},"7":{"start":{"line":7,"column":13},"end":{"line":7,"column":154}},"8":{"start":{"line":7,"column":62},"end":{"line":7,"column":154}},"9":{"start":{"line":7,"column":85},"end":{"line":7,"column":154}},"10":{"start":{"line":8,"column":8},"end":{"line":8,"column":70}},"11":{"start":{"line":10,"column":4},"end":{"line":12,"column":6}},"12":{"start":{"line":11,"column":8},"end":{"line":11,"column":113}},"13":{"start":{"line":11,"column":83},"end":{"line":11,"column":113}},"14":{"start":{"line":13,"column":4},"end":{"line":13,"column":23}},"15":{"start":{"line":14,"column":4},"end":{"line":14,"column":20}},"16":{"start":{"line":15,"column":4},"end":{"line":41,"column":5}},"17":{"start":{"line":18,"column":16},"end":{"line":18,"column":34}},"18":{"start":{"line":21,"column":16},"end":{"line":21,"column":34}},"19":{"start":{"line":24,"column":12},"end":{"line":38,"column":17}},"20":{"start":{"line":25,"column":16},"end":{"line":28,"column":17}},"21":{"start":{"line":26,"column":20},"end":{"line":26,"column":39}},"22":{"start":{"line":27,"column":20},"end":{"line":27,"column":68}},"23":{"start":{"line":29,"column":16},"end":{"line":32,"column":18}},"24":{"start":{"line":30,"column":20},"end":{"line":30,"column":63}},"25":{"start":{"line":31,"column":20},"end":{"line":31,"column":47}},"26":{"start":{"line":33,"column":16},"end":{"line":36,"column":32}},"27":{"start":{"line":37,"column":16},"end":{"line":37,"column":35}},"28":{"start":{"line":39,"column":12},"end":{"line":39,"column":50}}},"branchMap":{"1":{"line":3,"type":"binary-expr","locations":[{"start":{"line":3,"column":23},"end":{"line":3,"column":32}},{"start":{"line":3,"column":36},"end":{"line":3,"column":48}}]},"2":{"line":4,"type":"binary-expr","locations":[{"start":{"line":4,"column":22},"end":{"line":4,"column":26}},{"start":{"line":4,"column":30},"end":{"line":4,"column":45}},{"start":{"line":4,"column":50},"end":{"line":9,"column":5}}]},"3":{"line":5,"type":"cond-expr","locations":[{"start":{"line":5,"column":46},"end":{"line":5,"column":52}},{"start":{"line":5,"column":55},"end":{"line":5,"column":129}}]},"4":{"line":5,"type":"cond-expr","locations":[{"start":{"line":5,"column":71},"end":{"line":5,"column":122}},{"start":{"line":5,"column":125},"end":{"line":5,"column":129}}]},"5":{"line":6,"type":"if","locations":[{"start":{"line":6,"column":8},"end":{"line":6,"column":8}},{"start":{"line":6,"column":8},"end":{"line":6,"column":8}}]},"6":{"line":6,"type":"binary-expr","locations":[{"start":{"line":6,"column":12},"end":{"line":6,"column":39}},{"start":{"line":6,"column":43},"end":{"line":6,"column":81}}]},"7":{"line":7,"type":"if","locations":[{"start":{"line":7,"column":62},"end":{"line":7,"column":62}},{"start":{"line":7,"column":62},"end":{"line":7,"column":62}}]},"8":{"line":7,"type":"binary-expr","locations":[{"start":{"line":7,"column":90},"end":{"line":7,"column":147}},{"start":{"line":7,"column":152},"end":{"line":7,"column":153}}]},"9":{"line":7,"type":"cond-expr","locations":[{"start":{"line":7,"column":98},"end":{"line":7,"column":102}},{"start":{"line":7,"column":105},"end":{"line":7,"column":147}}]},"10":{"line":7,"type":"cond-expr","locations":[{"start":{"line":7,"column":113},"end":{"line":7,"column":130}},{"start":{"line":7,"column":133},"end":{"line":7,"column":147}}]},"11":{"line":8,"type":"binary-expr","locations":[{"start":{"line":8,"column":15},"end":{"line":8,"column":20}},{"start":{"line":8,"column":24},"end":{"line":8,"column":25}},{"start":{"line":8,"column":29},"end":{"line":8,"column":66}}]},"12":{"line":10,"type":"binary-expr","locations":[{"start":{"line":10,"column":22},"end":{"line":10,"column":26}},{"start":{"line":10,"column":30},"end":{"line":10,"column":45}},{"start":{"line":10,"column":50},"end":{"line":12,"column":5}}]},"13":{"line":11,"type":"if","locations":[{"start":{"line":11,"column":8},"end":{"line":11,"column":8}},{"start":{"line":11,"column":8},"end":{"line":11,"column":8}}]},"14":{"line":11,"type":"binary-expr","locations":[{"start":{"line":11,"column":12},"end":{"line":11,"column":39}},{"start":{"line":11,"column":43},"end":{"line":11,"column":81}}]}},"l":{"1":1,"3":1,"4":1,"5":1,"6":1,"7":0,"8":1,"10":1,"11":1,"13":1,"14":1,"15":1,"18":1,"21":1,"24":1,"25":1,"26":2,"27":2,"29":1,"30":2,"31":2,"33":1,"37":1,"39":1}}}
